-----------------------------------------------------------------------------------------------------------------------------------
IDRIS WARNING: if you encounter performance issues regarding CPU multithreading, please consider loading one the following modules:
  tensorflow-gpu/py3/2.4.0-noMKL
  tensorflow-gpu/py3/2.5.0+nccl-2.8.3
  tensorflow-gpu version >= 2.6.0
-----------------------------------------------------------------------------------------------------------------------------------

Loading tensorflow-gpu/py3/2.4.1
  Loading requirement: gcc/8.5.0 cuda/10.2 nccl/2.6.4-1-cuda
    cudnn/8.0.4.30-cuda-10.2 openmpi/4.0.2-cuda
+ python -u byol_deep2.py
2024-10-17 14:16:25.756740: I tensorflow/stream_executor/platform/default/dso_loader.cc:49] Successfully opened dynamic library libcudart.so.10.2
FUNCTIONS DEFINED
je lis un fichier npz...
je lis un fichier npz...
je lis un fichier npz...
je lis un fichier npz...
je lis un fichier npz...
je lis un fichier npz...
je lis un fichier npz...
je lis un fichier npz...
je lis un fichier npz...
je lis un fichier npz...
je lis un fichier npz...
je lis un fichier npz...
je lis un fichier npz...
je lis un fichier npz...
je lis un fichier npz...
je lis un fichier npz...
je lis un fichier npz...
je lis un fichier npz...
je lis un fichier npz...
je lis un fichier npz...
je lis un fichier npz...
je lis un fichier npz...
je lis un fichier npz...
je lis un fichier npz...
je lis un fichier npz...
je lis un fichier npz...
je lis un fichier npz...
je lis un fichier npz...
je lis un fichier npz...
je lis un fichier npz...
je lis un fichier npz...
je lis un fichier npz...
je lis un fichier npz...
je lis un fichier npz...
je lis un fichier npz...
je lis un fichier npz...
je lis un fichier npz...
je lis un fichier npz...
je lis un fichier npz...
je lis un fichier npz...
je lis un fichier npz...
je lis un fichier npz...
je lis un fichier npz...
je lis un fichier npz...
je lis un fichier npz...
je lis un fichier npz...
/var/spool/slurmd/job243276/slurm_script: line 21: 565384 Killed                  python -u byol_deep2.py
slurmstepd: error: Detected 1 oom_kill event in StepId=243276.batch. Some of the step tasks have been OOM Killed.
