-----------------------------------------------------------------------------------------------------------------------------------
IDRIS WARNING: if you encounter performance issues regarding CPU multithreading, please consider loading one the following modules:
  tensorflow-gpu/py3/2.4.0-noMKL
  tensorflow-gpu/py3/2.5.0+nccl-2.8.3
  tensorflow-gpu version >= 2.6.0
-----------------------------------------------------------------------------------------------------------------------------------

Loading tensorflow-gpu/py3/2.4.1
  Loading requirement: gcc/8.5.0 cuda/10.2 nccl/2.6.4-1-cuda
    cudnn/8.0.4.30-cuda-10.2 openmpi/4.0.2-cuda
+ python -u dino_jz.py
2024-10-17 09:42:03.634258: I tensorflow/stream_executor/platform/default/dso_loader.cc:49] Successfully opened dynamic library libcudart.so.10.2
2024-10-17 09:42:13.716560: I tensorflow/compiler/jit/xla_cpu_device.cc:41] Not creating XLA devices, tf_xla_enable_xla_devices not set
2024-10-17 09:42:13.724330: I tensorflow/stream_executor/platform/default/dso_loader.cc:49] Successfully opened dynamic library libcuda.so.1
2024-10-17 09:42:13.852002: I tensorflow/core/common_runtime/gpu/gpu_device.cc:1720] Found device 0 with properties: 
pciBusID: 0000:89:00.0 name: Tesla V100-SXM2-32GB computeCapability: 7.0
coreClock: 1.53GHz coreCount: 80 deviceMemorySize: 31.73GiB deviceMemoryBandwidth: 836.37GiB/s
2024-10-17 09:42:13.852594: I tensorflow/core/common_runtime/gpu/gpu_device.cc:1720] Found device 1 with properties: 
pciBusID: 0000:8a:00.0 name: Tesla V100-SXM2-32GB computeCapability: 7.0
coreClock: 1.53GHz coreCount: 80 deviceMemorySize: 31.73GiB deviceMemoryBandwidth: 836.37GiB/s
2024-10-17 09:42:13.852952: I tensorflow/core/common_runtime/gpu/gpu_device.cc:1720] Found device 2 with properties: 
pciBusID: 0000:b2:00.0 name: Tesla V100-SXM2-32GB computeCapability: 7.0
coreClock: 1.53GHz coreCount: 80 deviceMemorySize: 31.73GiB deviceMemoryBandwidth: 836.37GiB/s
2024-10-17 09:42:13.852986: I tensorflow/stream_executor/platform/default/dso_loader.cc:49] Successfully opened dynamic library libcudart.so.10.2
2024-10-17 09:42:13.961751: I tensorflow/stream_executor/platform/default/dso_loader.cc:49] Successfully opened dynamic library libcublas.so.10
2024-10-17 09:42:13.961890: I tensorflow/stream_executor/platform/default/dso_loader.cc:49] Successfully opened dynamic library libcublasLt.so.10
2024-10-17 09:42:14.034721: I tensorflow/stream_executor/platform/default/dso_loader.cc:49] Successfully opened dynamic library libcufft.so.10
2024-10-17 09:42:14.051523: I tensorflow/stream_executor/platform/default/dso_loader.cc:49] Successfully opened dynamic library libcurand.so.10
2024-10-17 09:42:14.168471: I tensorflow/stream_executor/platform/default/dso_loader.cc:49] Successfully opened dynamic library libcusolver.so.10
2024-10-17 09:42:14.197671: I tensorflow/stream_executor/platform/default/dso_loader.cc:49] Successfully opened dynamic library libcusparse.so.10
2024-10-17 09:42:14.201954: I tensorflow/stream_executor/platform/default/dso_loader.cc:49] Successfully opened dynamic library libcudnn.so.8
2024-10-17 09:42:14.206201: I tensorflow/core/common_runtime/gpu/gpu_device.cc:1862] Adding visible gpu devices: 0, 1, 2
2024-10-17 09:42:14.210669: I tensorflow/core/platform/cpu_feature_guard.cc:142] This TensorFlow binary is optimized with oneAPI Deep Neural Network Library (oneDNN) to use the following CPU instructions in performance-critical operations:  SSE3 SSE4.1 SSE4.2 AVX AVX2 AVX512F FMA
To enable them in other operations, rebuild TensorFlow with the appropriate compiler flags.
2024-10-17 09:42:14.574998: I tensorflow/core/common_runtime/gpu/gpu_device.cc:1720] Found device 0 with properties: 
pciBusID: 0000:89:00.0 name: Tesla V100-SXM2-32GB computeCapability: 7.0
coreClock: 1.53GHz coreCount: 80 deviceMemorySize: 31.73GiB deviceMemoryBandwidth: 836.37GiB/s
2024-10-17 09:42:14.575432: I tensorflow/core/common_runtime/gpu/gpu_device.cc:1720] Found device 1 with properties: 
pciBusID: 0000:8a:00.0 name: Tesla V100-SXM2-32GB computeCapability: 7.0
coreClock: 1.53GHz coreCount: 80 deviceMemorySize: 31.73GiB deviceMemoryBandwidth: 836.37GiB/s
2024-10-17 09:42:14.575788: I tensorflow/core/common_runtime/gpu/gpu_device.cc:1720] Found device 2 with properties: 
pciBusID: 0000:b2:00.0 name: Tesla V100-SXM2-32GB computeCapability: 7.0
coreClock: 1.53GHz coreCount: 80 deviceMemorySize: 31.73GiB deviceMemoryBandwidth: 836.37GiB/s
2024-10-17 09:42:14.575826: I tensorflow/stream_executor/platform/default/dso_loader.cc:49] Successfully opened dynamic library libcudart.so.10.2
2024-10-17 09:42:14.575856: I tensorflow/stream_executor/platform/default/dso_loader.cc:49] Successfully opened dynamic library libcublas.so.10
2024-10-17 09:42:14.575872: I tensorflow/stream_executor/platform/default/dso_loader.cc:49] Successfully opened dynamic library libcublasLt.so.10
2024-10-17 09:42:14.575887: I tensorflow/stream_executor/platform/default/dso_loader.cc:49] Successfully opened dynamic library libcufft.so.10
2024-10-17 09:42:14.575902: I tensorflow/stream_executor/platform/default/dso_loader.cc:49] Successfully opened dynamic library libcurand.so.10
2024-10-17 09:42:14.575918: I tensorflow/stream_executor/platform/default/dso_loader.cc:49] Successfully opened dynamic library libcusolver.so.10
2024-10-17 09:42:14.575933: I tensorflow/stream_executor/platform/default/dso_loader.cc:49] Successfully opened dynamic library libcusparse.so.10
2024-10-17 09:42:14.575949: I tensorflow/stream_executor/platform/default/dso_loader.cc:49] Successfully opened dynamic library libcudnn.so.8
2024-10-17 09:42:14.577680: I tensorflow/core/common_runtime/gpu/gpu_device.cc:1862] Adding visible gpu devices: 0, 1, 2
2024-10-17 09:42:14.578906: I tensorflow/stream_executor/platform/default/dso_loader.cc:49] Successfully opened dynamic library libcudart.so.10.2
2024-10-17 09:42:16.694848: I tensorflow/core/common_runtime/gpu/gpu_device.cc:1261] Device interconnect StreamExecutor with strength 1 edge matrix:
2024-10-17 09:42:16.694947: I tensorflow/core/common_runtime/gpu/gpu_device.cc:1267]      0 1 2 
2024-10-17 09:42:16.695674: I tensorflow/core/common_runtime/gpu/gpu_device.cc:1280] 0:   N Y Y 
2024-10-17 09:42:16.695718: I tensorflow/core/common_runtime/gpu/gpu_device.cc:1280] 1:   Y N Y 
2024-10-17 09:42:16.695750: I tensorflow/core/common_runtime/gpu/gpu_device.cc:1280] 2:   Y Y N 
2024-10-17 09:42:16.702694: I tensorflow/core/common_runtime/gpu/gpu_device.cc:1406] Created TensorFlow device (/job:localhost/replica:0/task:0/device:GPU:0 with 30119 MB memory) -> physical GPU (device: 0, name: Tesla V100-SXM2-32GB, pci bus id: 0000:89:00.0, compute capability: 7.0)
2024-10-17 09:42:16.709594: I tensorflow/core/common_runtime/gpu/gpu_device.cc:1406] Created TensorFlow device (/job:localhost/replica:0/task:0/device:GPU:1 with 30119 MB memory) -> physical GPU (device: 1, name: Tesla V100-SXM2-32GB, pci bus id: 0000:8a:00.0, compute capability: 7.0)
2024-10-17 09:42:16.710513: I tensorflow/core/common_runtime/gpu/gpu_device.cc:1406] Created TensorFlow device (/job:localhost/replica:0/task:0/device:GPU:2 with 30119 MB memory) -> physical GPU (device: 2, name: Tesla V100-SXM2-32GB, pci bus id: 0000:b2:00.0, compute capability: 7.0)
2024-10-17 09:42:16.710779: I tensorflow/compiler/jit/xla_gpu_device.cc:99] Not creating XLA devices, tf_xla_enable_xla_devices not set
2024-10-17 09:42:16.711351: I tensorflow/core/common_runtime/process_util.cc:146] Creating new thread pool with default inter op setting: 2. Tune using inter_op_parallelism_threads for best performance.
/var/spool/slurmd/job236552/slurm_script: line 48: 982857 Killed                  python -u dino_jz.py
slurmstepd: error: Detected 1 oom_kill event in StepId=236552.batch. Some of the step tasks have been OOM Killed.
